<?xml version="1.0" encoding="UTF-8"?>
<testng-results ignored="0" total="2" passed="2" failed="0" skipped="0">
  <reporter-output>
  </reporter-output>
  <suite started-at="2024-04-20T13:35:42 IST" name="Default suite" finished-at="2024-04-20T13:35:46 IST" duration-ms="3985">
    <groups>
    </groups>
    <test started-at="2024-04-20T13:35:42 IST" name="Default test" finished-at="2024-04-20T13:35:46 IST" duration-ms="3985">
      <class name="test.reportGenTest">
        <test-method is-config="true" signature="setup()[pri:0, instance:test.reportGenTest@272113c4]" started-at="2024-04-20T13:35:42 IST" name="setup" finished-at="2024-04-20T13:35:44 IST" duration-ms="2798" status="PASS">
          <reporter-output>
          </reporter-output>
        </test-method> <!-- setup -->
        <test-method signature="getURL()[pri:1, instance:test.reportGenTest@272113c4]" started-at="2024-04-20T13:35:44 IST" name="getURL" finished-at="2024-04-20T13:35:44 IST" duration-ms="5" status="PASS">
          <reporter-output>
          </reporter-output>
        </test-method> <!-- getURL -->
        <test-method signature="googleTest()[pri:2, instance:test.reportGenTest@272113c4]" started-at="2024-04-20T13:35:44 IST" name="googleTest" finished-at="2024-04-20T13:35:44 IST" duration-ms="6" status="PASS">
          <reporter-output>
          </reporter-output>
        </test-method> <!-- googleTest -->
        <test-method is-config="true" signature="down()[pri:0, instance:test.reportGenTest@272113c4]" started-at="2024-04-20T13:35:44 IST" name="down" finished-at="2024-04-20T13:35:46 IST" duration-ms="1161" status="PASS">
          <reporter-output>
          </reporter-output>
        </test-method> <!-- down -->
      </class> <!-- test.reportGenTest -->
    </test> <!-- Default test -->
  </suite> <!-- Default suite -->
</testng-results>
